<?xml version="1.0" encoding="UTF-8"?>
<coverage generated="1736428907807" clover="3.2.0">
  <project timestamp="1736428907807" name="All files">
    <metrics statements="54" coveredstatements="54" conditionals="14" coveredconditionals="12" methods="20" coveredmethods="20" elements="88" coveredelements="86" complexity="0" loc="54" ncloc="54" packages="2" files="7" classes="7"/>
    <package name="src">
      <metrics statements="20" coveredstatements="20" conditionals="2" coveredconditionals="2" methods="7" coveredmethods="7"/>
      <file name="App.jsx" path="/Users/nicoleschimkus/_WebDevelopment/04_Meet_App/meet/src/App.jsx">
        <metrics statements="13" coveredstatements="13" conditionals="2" coveredconditionals="2" methods="4" coveredmethods="4"/>
        <line num="10" count="3" type="stmt"/>
        <line num="11" count="15" type="stmt"/>
        <line num="12" count="14" type="stmt"/>
        <line num="13" count="14" type="stmt"/>
        <line num="14" count="14" type="stmt"/>
        <line num="16" count="14" type="stmt"/>
        <line num="17" count="9" type="stmt"/>
        <line num="19" count="35" type="cond" truecount="2" falsecount="0"/>
        <line num="20" count="9" type="stmt"/>
        <line num="21" count="9" type="stmt"/>
        <line num="24" count="14" type="stmt"/>
        <line num="25" count="9" type="stmt"/>
        <line num="28" count="14" type="stmt"/>
      </file>
      <file name="api.js" path="/Users/nicoleschimkus/_WebDevelopment/04_Meet_App/meet/src/api.js">
        <metrics statements="6" coveredstatements="6" conditionals="0" coveredconditionals="0" methods="3" coveredmethods="3"/>
        <line num="10" count="4" type="stmt"/>
        <line num="11" count="420" type="stmt"/>
        <line num="12" count="12" type="stmt"/>
        <line num="13" count="12" type="stmt"/>
        <line num="20" count="4" type="stmt"/>
        <line num="21" count="15" type="stmt"/>
      </file>
      <file name="mock-data.js" path="/Users/nicoleschimkus/_WebDevelopment/04_Meet_App/meet/src/mock-data.js">
        <metrics statements="1" coveredstatements="1" conditionals="0" coveredconditionals="0" methods="0" coveredmethods="0"/>
        <line num="1" count="4" type="stmt"/>
      </file>
    </package>
    <package name="src.components">
      <metrics statements="34" coveredstatements="34" conditionals="12" coveredconditionals="10" methods="13" coveredmethods="13"/>
      <file name="CitySearch.jsx" path="/Users/nicoleschimkus/_WebDevelopment/04_Meet_App/meet/src/components/CitySearch.jsx">
        <metrics statements="20" coveredstatements="20" conditionals="4" coveredconditionals="3" methods="7" coveredmethods="7"/>
        <line num="3" count="3" type="stmt"/>
        <line num="4" count="64" type="stmt"/>
        <line num="5" count="64" type="stmt"/>
        <line num="6" count="64" type="stmt"/>
        <line num="8" count="64" type="stmt"/>
        <line num="9" count="18" type="stmt"/>
        <line num="10" count="18" type="cond" truecount="1" falsecount="1"/>
        <line num="12" count="36" type="stmt"/>
        <line num="16" count="18" type="stmt"/>
        <line num="17" count="18" type="stmt"/>
        <line num="20" count="64" type="stmt"/>
        <line num="21" count="2" type="stmt"/>
        <line num="22" count="2" type="stmt"/>
        <line num="23" count="2" type="stmt"/>
        <line num="24" count="2" type="stmt"/>
        <line num="27" count="64" type="stmt"/>
        <line num="28" count="19" type="stmt"/>
        <line num="31" count="64" type="stmt"/>
        <line num="38" count="5" type="stmt"/>
        <line num="44" count="26" type="stmt"/>
      </file>
      <file name="Event.jsx" path="/Users/nicoleschimkus/_WebDevelopment/04_Meet_App/meet/src/components/Event.jsx">
        <metrics statements="5" coveredstatements="5" conditionals="6" coveredconditionals="5" methods="2" coveredmethods="2"/>
        <line num="3" count="4" type="stmt"/>
        <line num="4" count="222" type="cond" truecount="1" falsecount="1"/>
        <line num="6" count="222" type="stmt"/>
        <line num="8" count="222" type="stmt"/>
        <line num="20" count="3" type="cond" truecount="2" falsecount="0"/>
      </file>
      <file name="EventList.jsx" path="/Users/nicoleschimkus/_WebDevelopment/04_Meet_App/meet/src/components/EventList.jsx">
        <metrics statements="2" coveredstatements="2" conditionals="2" coveredconditionals="2" methods="2" coveredmethods="2"/>
        <line num="4" count="3" type="stmt"/>
        <line num="5" count="212" type="cond" truecount="2" falsecount="0"/>
      </file>
      <file name="NumberOfEvents.jsx" path="/Users/nicoleschimkus/_WebDevelopment/04_Meet_App/meet/src/components/NumberOfEvents.jsx">
        <metrics statements="7" coveredstatements="7" conditionals="0" coveredconditionals="0" methods="2" coveredmethods="2"/>
        <line num="3" count="4" type="stmt"/>
        <line num="4" count="18" type="stmt"/>
        <line num="6" count="18" type="stmt"/>
        <line num="7" count="1" type="stmt"/>
        <line num="8" count="1" type="stmt"/>
        <line num="9" count="1" type="stmt"/>
        <line num="12" count="18" type="stmt"/>
      </file>
    </package>
  </project>
</coverage>
