{"/Users/nicoleschimkus/_WebDevelopment/04_Meet_App/meet/src/App.jsx": {"path":"/Users/nicoleschimkus/_WebDevelopment/04_Meet_App/meet/src/App.jsx","statementMap":{"0":{"start":{"line":10,"column":12},"end":{"line":35,"column":1}},"1":{"start":{"line":11,"column":42},"end":{"line":11,"column":54}},"2":{"start":{"line":12,"column":38},"end":{"line":12,"column":50}},"3":{"start":{"line":13,"column":30},"end":{"line":13,"column":42}},"4":{"start":{"line":14,"column":40},"end":{"line":14,"column":66}},"5":{"start":{"line":16,"column":20},"end":{"line":22,"column":3}},"6":{"start":{"line":17,"column":22},"end":{"line":17,"column":39}},"7":{"start":{"line":19,"column":6},"end":{"line":19,"column":112}},"8":{"start":{"line":19,"column":81},"end":{"line":19,"column":111}},"9":{"start":{"line":20,"column":4},"end":{"line":20,"column":51}},"10":{"start":{"line":21,"column":4},"end":{"line":21,"column":49}},"11":{"start":{"line":24,"column":2},"end":{"line":26,"column":20}},"12":{"start":{"line":25,"column":4},"end":{"line":25,"column":16}},"13":{"start":{"line":28,"column":2},"end":{"line":34,"column":4}}},"fnMap":{"0":{"name":"(anonymous_0)","decl":{"start":{"line":10,"column":12},"end":{"line":10,"column":13}},"loc":{"start":{"line":10,"column":18},"end":{"line":35,"column":1}},"line":10},"1":{"name":"(anonymous_1)","decl":{"start":{"line":16,"column":20},"end":{"line":16,"column":21}},"loc":{"start":{"line":16,"column":32},"end":{"line":22,"column":3}},"line":16},"2":{"name":"(anonymous_2)","decl":{"start":{"line":19,"column":70},"end":{"line":19,"column":71}},"loc":{"start":{"line":19,"column":81},"end":{"line":19,"column":111}},"line":19},"3":{"name":"(anonymous_3)","decl":{"start":{"line":24,"column":12},"end":{"line":24,"column":13}},"loc":{"start":{"line":24,"column":18},"end":{"line":26,"column":3}},"line":24}},"branchMap":{"0":{"loc":{"start":{"line":19,"column":6},"end":{"line":19,"column":112}},"type":"cond-expr","locations":[{"start":{"line":19,"column":41},"end":{"line":19,"column":50}},{"start":{"line":19,"column":53},"end":{"line":19,"column":112}}],"line":19}},"s":{"0":3,"1":15,"2":14,"3":14,"4":14,"5":14,"6":9,"7":9,"8":35,"9":9,"10":9,"11":14,"12":9,"13":14},"f":{"0":15,"1":9,"2":35,"3":9},"b":{"0":[8,1]},"_coverageSchema":"1a1c01bbd47fc00a2c39e90264f33305004495a9","hash":"69434fe8a3f61791b9ed9d34df06a12eec8ee01e"}
,"/Users/nicoleschimkus/_WebDevelopment/04_Meet_App/meet/src/api.js": {"path":"/Users/nicoleschimkus/_WebDevelopment/04_Meet_App/meet/src/api.js","statementMap":{"0":{"start":{"line":10,"column":32},"end":{"line":14,"column":1}},"1":{"start":{"line":11,"column":29},"end":{"line":11,"column":66}},"2":{"start":{"line":11,"column":51},"end":{"line":11,"column":65}},"3":{"start":{"line":12,"column":20},"end":{"line":12,"column":52}},"4":{"start":{"line":13,"column":2},"end":{"line":13,"column":19}},"5":{"start":{"line":20,"column":25},"end":{"line":22,"column":1}},"6":{"start":{"line":21,"column":2},"end":{"line":21,"column":18}}},"fnMap":{"0":{"name":"(anonymous_0)","decl":{"start":{"line":10,"column":32},"end":{"line":10,"column":33}},"loc":{"start":{"line":10,"column":44},"end":{"line":14,"column":1}},"line":10},"1":{"name":"(anonymous_1)","decl":{"start":{"line":11,"column":40},"end":{"line":11,"column":41}},"loc":{"start":{"line":11,"column":51},"end":{"line":11,"column":65}},"line":11},"2":{"name":"(anonymous_2)","decl":{"start":{"line":20,"column":25},"end":{"line":20,"column":26}},"loc":{"start":{"line":20,"column":37},"end":{"line":22,"column":1}},"line":20}},"branchMap":{},"s":{"0":4,"1":12,"2":420,"3":12,"4":12,"5":4,"6":15},"f":{"0":12,"1":420,"2":15},"b":{},"_coverageSchema":"1a1c01bbd47fc00a2c39e90264f33305004495a9","hash":"9572b2ab8bfe539fa610337e9844d99d2c88f8a5"}
,"/Users/nicoleschimkus/_WebDevelopment/04_Meet_App/meet/src/mock-data.js": {"path":"/Users/nicoleschimkus/_WebDevelopment/04_Meet_App/meet/src/mock-data.js","statementMap":{"0":{"start":{"line":1,"column":17},"end":{"line":1437,"column":1}}},"fnMap":{},"branchMap":{},"s":{"0":4},"f":{},"b":{},"_coverageSchema":"1a1c01bbd47fc00a2c39e90264f33305004495a9","hash":"c99d3b868b4f174c6c09fc1155d78f9fe8ab377f"}
,"/Users/nicoleschimkus/_WebDevelopment/04_Meet_App/meet/src/components/CitySearch.jsx": {"path":"/Users/nicoleschimkus/_WebDevelopment/04_Meet_App/meet/src/components/CitySearch.jsx","statementMap":{"0":{"start":{"line":3,"column":19},"end":{"line":57,"column":1}},"1":{"start":{"line":4,"column":48},"end":{"line":4,"column":63}},"2":{"start":{"line":5,"column":28},"end":{"line":5,"column":40}},"3":{"start":{"line":6,"column":40},"end":{"line":6,"column":52}},"4":{"start":{"line":8,"column":29},"end":{"line":18,"column":3}},"5":{"start":{"line":9,"column":18},"end":{"line":9,"column":36}},"6":{"start":{"line":10,"column":30},"end":{"line":14,"column":10}},"7":{"start":{"line":12,"column":10},"end":{"line":12,"column":74}},"8":{"start":{"line":16,"column":4},"end":{"line":16,"column":20}},"9":{"start":{"line":17,"column":4},"end":{"line":17,"column":38}},"10":{"start":{"line":20,"column":28},"end":{"line":25,"column":3}},"11":{"start":{"line":21,"column":18},"end":{"line":21,"column":42}},"12":{"start":{"line":22,"column":4},"end":{"line":22,"column":20}},"13":{"start":{"line":23,"column":4},"end":{"line":23,"column":30}},"14":{"start":{"line":24,"column":4},"end":{"line":24,"column":26}},"15":{"start":{"line":27,"column":2},"end":{"line":29,"column":26}},"16":{"start":{"line":28,"column":4},"end":{"line":28,"column":33}},"17":{"start":{"line":31,"column":2},"end":{"line":56,"column":4}},"18":{"start":{"line":38,"column":23},"end":{"line":38,"column":47}},"19":{"start":{"line":44,"column":12},"end":{"line":48,"column":14}}},"fnMap":{"0":{"name":"(anonymous_0)","decl":{"start":{"line":3,"column":19},"end":{"line":3,"column":20}},"loc":{"start":{"line":3,"column":57},"end":{"line":57,"column":1}},"line":3},"1":{"name":"(anonymous_1)","decl":{"start":{"line":8,"column":29},"end":{"line":8,"column":30}},"loc":{"start":{"line":8,"column":40},"end":{"line":18,"column":3}},"line":8},"2":{"name":"(anonymous_2)","decl":{"start":{"line":11,"column":28},"end":{"line":11,"column":29}},"loc":{"start":{"line":11,"column":42},"end":{"line":13,"column":9}},"line":11},"3":{"name":"(anonymous_3)","decl":{"start":{"line":20,"column":28},"end":{"line":20,"column":29}},"loc":{"start":{"line":20,"column":39},"end":{"line":25,"column":3}},"line":20},"4":{"name":"(anonymous_4)","decl":{"start":{"line":27,"column":12},"end":{"line":27,"column":13}},"loc":{"start":{"line":27,"column":18},"end":{"line":29,"column":3}},"line":27},"5":{"name":"(anonymous_5)","decl":{"start":{"line":38,"column":17},"end":{"line":38,"column":18}},"loc":{"start":{"line":38,"column":23},"end":{"line":38,"column":47}},"line":38},"6":{"name":"(anonymous_6)","decl":{"start":{"line":43,"column":27},"end":{"line":43,"column":28}},"loc":{"start":{"line":43,"column":43},"end":{"line":49,"column":11}},"line":43}},"branchMap":{"0":{"loc":{"start":{"line":10,"column":30},"end":{"line":14,"column":10}},"type":"cond-expr","locations":[{"start":{"line":11,"column":8},"end":{"line":13,"column":10}},{"start":{"line":14,"column":8},"end":{"line":14,"column":10}}],"line":10},"1":{"loc":{"start":{"line":41,"column":7},"end":{"line":54,"column":14}},"type":"cond-expr","locations":[{"start":{"line":42,"column":8},"end":{"line":53,"column":13}},{"start":{"line":54,"column":10},"end":{"line":54,"column":14}}],"line":41}},"s":{"0":3,"1":64,"2":64,"3":64,"4":64,"5":18,"6":18,"7":36,"8":18,"9":18,"10":64,"11":2,"12":2,"13":2,"14":2,"15":64,"16":19,"17":64,"18":5,"19":26},"f":{"0":64,"1":18,"2":36,"3":2,"4":19,"5":5,"6":26},"b":{"0":[18,0],"1":[24,40]},"_coverageSchema":"1a1c01bbd47fc00a2c39e90264f33305004495a9","hash":"026e2e2bdafb0c450c3d64dfe0c3d7a9eba4c84e"}
,"/Users/nicoleschimkus/_WebDevelopment/04_Meet_App/meet/src/components/Event.jsx": {"path":"/Users/nicoleschimkus/_WebDevelopment/04_Meet_App/meet/src/components/Event.jsx","statementMap":{"0":{"start":{"line":3,"column":14},"end":{"line":23,"column":1}},"1":{"start":{"line":4,"column":2},"end":{"line":4,"column":26}},"2":{"start":{"line":4,"column":14},"end":{"line":4,"column":26}},"3":{"start":{"line":6,"column":38},"end":{"line":6,"column":53}},"4":{"start":{"line":8,"column":2},"end":{"line":22,"column":4}},"5":{"start":{"line":20,"column":29},"end":{"line":20,"column":55}}},"fnMap":{"0":{"name":"(anonymous_0)","decl":{"start":{"line":3,"column":14},"end":{"line":3,"column":15}},"loc":{"start":{"line":3,"column":29},"end":{"line":23,"column":1}},"line":3},"1":{"name":"(anonymous_1)","decl":{"start":{"line":20,"column":23},"end":{"line":20,"column":24}},"loc":{"start":{"line":20,"column":29},"end":{"line":20,"column":55}},"line":20}},"branchMap":{"0":{"loc":{"start":{"line":4,"column":2},"end":{"line":4,"column":26}},"type":"if","locations":[{"start":{"line":4,"column":2},"end":{"line":4,"column":26}},{"start":{},"end":{}}],"line":4},"1":{"loc":{"start":{"line":14,"column":7},"end":{"line":18,"column":7}},"type":"binary-expr","locations":[{"start":{"line":14,"column":7},"end":{"line":14,"column":17}},{"start":{"line":15,"column":8},"end":{"line":17,"column":14}}],"line":14},"2":{"loc":{"start":{"line":20,"column":58},"end":{"line":20,"column":102}},"type":"cond-expr","locations":[{"start":{"line":20,"column":71},"end":{"line":20,"column":85}},{"start":{"line":20,"column":88},"end":{"line":20,"column":102}}],"line":20}},"s":{"0":4,"1":222,"2":0,"3":222,"4":222,"5":3},"f":{"0":222,"1":3},"b":{"0":[0,222],"1":[222,2],"2":[2,220]},"_coverageSchema":"1a1c01bbd47fc00a2c39e90264f33305004495a9","hash":"c9802fc43e45eaf35ac026f1b8b8fc301e34cd5c"}
,"/Users/nicoleschimkus/_WebDevelopment/04_Meet_App/meet/src/components/EventList.jsx": {"path":"/Users/nicoleschimkus/_WebDevelopment/04_Meet_App/meet/src/components/EventList.jsx","statementMap":{"0":{"start":{"line":4,"column":18},"end":{"line":6,"column":1}},"1":{"start":{"line":5,"column":2},"end":{"line":5,"column":114}},"2":{"start":{"line":5,"column":61},"end":{"line":5,"column":99}}},"fnMap":{"0":{"name":"(anonymous_0)","decl":{"start":{"line":4,"column":18},"end":{"line":4,"column":19}},"loc":{"start":{"line":4,"column":34},"end":{"line":6,"column":1}},"line":4},"1":{"name":"(anonymous_1)","decl":{"start":{"line":5,"column":50},"end":{"line":5,"column":51}},"loc":{"start":{"line":5,"column":61},"end":{"line":5,"column":99}},"line":5}},"branchMap":{"0":{"loc":{"start":{"line":5,"column":30},"end":{"line":5,"column":107}},"type":"cond-expr","locations":[{"start":{"line":5,"column":39},"end":{"line":5,"column":100}},{"start":{"line":5,"column":103},"end":{"line":5,"column":107}}],"line":5}},"s":{"0":3,"1":17,"2":212},"f":{"0":17,"1":212},"b":{"0":[15,2]},"_coverageSchema":"1a1c01bbd47fc00a2c39e90264f33305004495a9","hash":"1b1b9f3f68de3837fb550663bc4630c52abe6b66"}
,"/Users/nicoleschimkus/_WebDevelopment/04_Meet_App/meet/src/components/NumberOfEvents.jsx": {"path":"/Users/nicoleschimkus/_WebDevelopment/04_Meet_App/meet/src/components/NumberOfEvents.jsx","statementMap":{"0":{"start":{"line":3,"column":23},"end":{"line":18,"column":1}},"1":{"start":{"line":4,"column":46},"end":{"line":4,"column":58}},"2":{"start":{"line":6,"column":28},"end":{"line":10,"column":3}},"3":{"start":{"line":7,"column":18},"end":{"line":7,"column":32}},"4":{"start":{"line":8,"column":4},"end":{"line":8,"column":29}},"5":{"start":{"line":9,"column":4},"end":{"line":9,"column":24}},"6":{"start":{"line":12,"column":2},"end":{"line":17,"column":4}}},"fnMap":{"0":{"name":"(anonymous_0)","decl":{"start":{"line":3,"column":23},"end":{"line":3,"column":24}},"loc":{"start":{"line":3,"column":45},"end":{"line":18,"column":1}},"line":3},"1":{"name":"(anonymous_1)","decl":{"start":{"line":6,"column":28},"end":{"line":6,"column":29}},"loc":{"start":{"line":6,"column":35},"end":{"line":10,"column":3}},"line":6}},"branchMap":{},"s":{"0":4,"1":18,"2":18,"3":1,"4":1,"5":1,"6":18},"f":{"0":18,"1":1},"b":{},"_coverageSchema":"1a1c01bbd47fc00a2c39e90264f33305004495a9","hash":"d932073049015f0a5af852a96dbb101a3d24a965"}
}
