TN:
SF:src/App.jsx
FN:10,(anonymous_0)
FN:16,(anonymous_1)
FN:19,(anonymous_2)
FN:24,(anonymous_3)
FNF:4
FNH:4
FNDA:15,(anonymous_0)
FNDA:9,(anonymous_1)
FNDA:35,(anonymous_2)
FNDA:9,(anonymous_3)
DA:10,3
DA:11,15
DA:12,14
DA:13,14
DA:14,14
DA:16,14
DA:17,9
DA:19,35
DA:20,9
DA:21,9
DA:24,14
DA:25,9
DA:28,14
LF:13
LH:13
BRDA:19,0,0,8
BRDA:19,0,1,1
BRF:2
BRH:2
end_of_record
TN:
SF:src/api.js
FN:10,(anonymous_0)
FN:11,(anonymous_1)
FN:20,(anonymous_2)
FNF:3
FNH:3
FNDA:12,(anonymous_0)
FNDA:420,(anonymous_1)
FNDA:15,(anonymous_2)
DA:10,4
DA:11,420
DA:12,12
DA:13,12
DA:20,4
DA:21,15
LF:6
LH:6
BRF:0
BRH:0
end_of_record
TN:
SF:src/mock-data.js
FNF:0
FNH:0
DA:1,4
LF:1
LH:1
BRF:0
BRH:0
end_of_record
TN:
SF:src/components/CitySearch.jsx
FN:3,(anonymous_0)
FN:8,(anonymous_1)
FN:11,(anonymous_2)
FN:20,(anonymous_3)
FN:27,(anonymous_4)
FN:38,(anonymous_5)
FN:43,(anonymous_6)
FNF:7
FNH:7
FNDA:64,(anonymous_0)
FNDA:18,(anonymous_1)
FNDA:36,(anonymous_2)
FNDA:2,(anonymous_3)
FNDA:19,(anonymous_4)
FNDA:5,(anonymous_5)
FNDA:26,(anonymous_6)
DA:3,3
DA:4,64
DA:5,64
DA:6,64
DA:8,64
DA:9,18
DA:10,18
DA:12,36
DA:16,18
DA:17,18
DA:20,64
DA:21,2
DA:22,2
DA:23,2
DA:24,2
DA:27,64
DA:28,19
DA:31,64
DA:38,5
DA:44,26
LF:20
LH:20
BRDA:10,0,0,18
BRDA:10,0,1,0
BRDA:41,1,0,24
BRDA:41,1,1,40
BRF:4
BRH:3
end_of_record
TN:
SF:src/components/Event.jsx
FN:3,(anonymous_0)
FN:20,(anonymous_1)
FNF:2
FNH:2
FNDA:222,(anonymous_0)
FNDA:3,(anonymous_1)
DA:3,4
DA:4,222
DA:6,222
DA:8,222
DA:20,3
LF:5
LH:5
BRDA:4,0,0,0
BRDA:4,0,1,222
BRDA:14,1,0,222
BRDA:14,1,1,2
BRDA:20,2,0,2
BRDA:20,2,1,220
BRF:6
BRH:5
end_of_record
TN:
SF:src/components/EventList.jsx
FN:4,(anonymous_0)
FN:5,(anonymous_1)
FNF:2
FNH:2
FNDA:17,(anonymous_0)
FNDA:212,(anonymous_1)
DA:4,3
DA:5,212
LF:2
LH:2
BRDA:5,0,0,15
BRDA:5,0,1,2
BRF:2
BRH:2
end_of_record
TN:
SF:src/components/NumberOfEvents.jsx
FN:3,(anonymous_0)
FN:6,(anonymous_1)
FNF:2
FNH:2
FNDA:18,(anonymous_0)
FNDA:1,(anonymous_1)
DA:3,4
DA:4,18
DA:6,18
DA:7,1
DA:8,1
DA:9,1
DA:12,18
LF:7
LH:7
BRF:0
BRH:0
end_of_record
